Using pre-set license
Built from '2021.3/staging' branch; Version is '2021.3.5f1 (40eb3a945986) revision 4254522'; Using compiler version '192829333'; Build Type 'Release'
OS: 'Windows 10  (10.0.19045) 64bit Core' Language: 'en' Physical Memory: 16316 MB
BatchMode: 1, IsHumanControllingUs: 0, StartBugReporterOnCrash: 0, Is64bit: 1, IsPro: 1

COMMAND LINE ARGUMENTS:
D:\Irish\Documents\UnityEditor\2021.3.5f1\Editor\Unity.exe
-adb2
-batchMode
-noUpm
-name
AssetImportWorker0
-projectPath
D:/Unity/Projects/basicallyIsaacGame
-logFile
Logs/AssetImportWorker0.log
-srvPort
58651
Successfully changed project path to: D:/Unity/Projects/basicallyIsaacGame
D:/Unity/Projects/basicallyIsaacGame
[UnityMemory] Configuration Parameters - Can be set up in boot.config
    "memorysetup-bucket-allocator-granularity=16"
    "memorysetup-bucket-allocator-bucket-count=8"
    "memorysetup-bucket-allocator-block-size=33554432"
    "memorysetup-bucket-allocator-block-count=8"
    "memorysetup-main-allocator-block-size=16777216"
    "memorysetup-thread-allocator-block-size=16777216"
    "memorysetup-gfx-main-allocator-block-size=16777216"
    "memorysetup-gfx-thread-allocator-block-size=16777216"
    "memorysetup-cache-allocator-block-size=4194304"
    "memorysetup-typetree-allocator-block-size=2097152"
    "memorysetup-profiler-bucket-allocator-granularity=16"
    "memorysetup-profiler-bucket-allocator-bucket-count=8"
    "memorysetup-profiler-bucket-allocator-block-size=33554432"
    "memorysetup-profiler-bucket-allocator-block-count=8"
    "memorysetup-profiler-allocator-block-size=16777216"
    "memorysetup-profiler-editor-allocator-block-size=1048576"
    "memorysetup-temp-allocator-size-main=16777216"
    "memorysetup-job-temp-allocator-block-size=2097152"
    "memorysetup-job-temp-allocator-block-size-background=1048576"
    "memorysetup-job-temp-allocator-reduction-small-platforms=262144"
    "memorysetup-temp-allocator-size-background-worker=32768"
    "memorysetup-temp-allocator-size-job-worker=262144"
    "memorysetup-temp-allocator-size-preload-manager=33554432"
    "memorysetup-temp-allocator-size-nav-mesh-worker=65536"
    "memorysetup-temp-allocator-size-audio-worker=65536"
    "memorysetup-temp-allocator-size-cloud-worker=32768"
    "memorysetup-temp-allocator-size-gi-baking-worker=262144"
    "memorysetup-temp-allocator-size-gfx=262144"
Refreshing native plugins compatible for Editor in 198.89 ms, found 2 plugins.
Preloading 0 native plugins for Editor in 0.00 ms.
Initialize engine version: 2021.3.5f1 (40eb3a945986)
[Subsystems] Discovering subsystems at path D:/Irish/Documents/UnityEditor/2021.3.5f1/Editor/Data/Resources/UnitySubsystems
[Subsystems] Discovering subsystems at path D:/Unity/Projects/basicallyIsaacGame/Assets
GfxDevice: creating device client; threaded=0; jobified=0
Direct3D:
    Version:  Direct3D 11.0 [level 11.1]
    Renderer: NVIDIA GeForce GTX 1660 SUPER (ID=0x21c4)
    Vendor:   NVIDIA
    VRAM:     5981 MB
    Driver:   31.0.15.4633
Initialize mono
Mono path[0] = 'D:/Irish/Documents/UnityEditor/2021.3.5f1/Editor/Data/Managed'
Mono path[1] = 'D:/Irish/Documents/UnityEditor/2021.3.5f1/Editor/Data/MonoBleedingEdge/lib/mono/unityjit-win32'
Mono config path = 'D:/Irish/Documents/UnityEditor/2021.3.5f1/Editor/Data/MonoBleedingEdge/etc'
Using monoOptions --debugger-agent=transport=dt_socket,embedding=1,server=y,suspend=n,address=127.0.0.1:56816
Begin MonoManager ReloadAssembly
Registering precompiled unity dll's ...
Register platform support module: D:/Irish/Documents/UnityEditor/2021.3.5f1/Editor/Data/PlaybackEngines/WebGLSupport/UnityEditor.WebGL.Extensions.dll
Register platform support module: D:/Irish/Documents/UnityEditor/2021.3.5f1/Editor/Data/PlaybackEngines/WindowsStandaloneSupport/UnityEditor.WindowsStandalone.Extensions.dll
Registered in 0.020895 seconds.
Native extension for WindowsStandalone target not found
Native extension for WebGL target not found
Refreshing native plugins compatible for Editor in 179.04 ms, found 2 plugins.
Preloading 0 native plugins for Editor in 0.00 ms.
Mono: successfully reloaded assembly
- Completed reload, in  0.903 seconds
Domain Reload Profiling:
	ReloadAssembly (905ms)
		BeginReloadAssembly (110ms)
			ExecutionOrderSort (0ms)
			DisableScriptedObjects (0ms)
			BackupInstance (0ms)
			ReleaseScriptingObjects (0ms)
			CreateAndSetChildDomain (1ms)
		EndReloadAssembly (629ms)
			LoadAssemblies (102ms)
			RebuildTransferFunctionScriptingTraits (0ms)
			SetupTypeCache (114ms)
			ReleaseScriptCaches (0ms)
			RebuildScriptCaches (27ms)
			SetupLoadedEditorAssemblies (420ms)
				LogAssemblyErrors (0ms)
				InitializePlatformSupportModulesInManaged (14ms)
				SetLoadedEditorAssemblies (0ms)
				RefreshPlugins (180ms)
				BeforeProcessingInitializeOnLoad (1ms)
				ProcessInitializeOnLoadAttributes (163ms)
				ProcessInitializeOnLoadMethodAttributes (61ms)
				AfterProcessingInitializeOnLoad (0ms)
				EditorAssembliesLoaded (0ms)
			ExecutionOrderSort2 (0ms)
			AwakeInstancesAfterBackupRestoration (0ms)
Platform modules already initialized, skipping
Registering precompiled user dll's ...
Registered in 0.014892 seconds.
Begin MonoManager ReloadAssembly
Symbol file LoadedFromMemory doesn't match image D:\Unity\Projects\basicallyIsaacGame\Library\PackageCache\com.unity.visualscripting@1.7.8\Editor\VisualScripting.Core\Dependencies\YamlDotNet\Unity.VisualScripting.YamlDotNet.dll
Symbol file LoadedFromMemory doesn't match image D:\Unity\Projects\basicallyIsaacGame\Library\PackageCache\com.unity.visualscripting@1.7.8\Editor\VisualScripting.Core\Dependencies\DotNetZip\Unity.VisualScripting.IonicZip.dll
Native extension for WindowsStandalone target not found
Native extension for WebGL target not found
Refreshing native plugins compatible for Editor in 215.96 ms, found 2 plugins.
Preloading 0 native plugins for Editor in 0.00 ms.
Mono: successfully reloaded assembly
- Completed reload, in  1.791 seconds
Domain Reload Profiling:
	ReloadAssembly (1810ms)
		BeginReloadAssembly (179ms)
			ExecutionOrderSort (0ms)
			DisableScriptedObjects (8ms)
			BackupInstance (0ms)
			ReleaseScriptingObjects (0ms)
			CreateAndSetChildDomain (20ms)
		EndReloadAssembly (1473ms)
			LoadAssemblies (164ms)
			RebuildTransferFunctionScriptingTraits (0ms)
			SetupTypeCache (268ms)
			ReleaseScriptCaches (1ms)
			RebuildScriptCaches (85ms)
			SetupLoadedEditorAssemblies (909ms)
				LogAssemblyErrors (0ms)
				InitializePlatformSupportModulesInManaged (13ms)
				SetLoadedEditorAssemblies (0ms)
				RefreshPlugins (217ms)
				BeforeProcessingInitializeOnLoad (161ms)
				ProcessInitializeOnLoadAttributes (379ms)
				ProcessInitializeOnLoadMethodAttributes (111ms)
				AfterProcessingInitializeOnLoad (26ms)
				EditorAssembliesLoaded (0ms)
			ExecutionOrderSort2 (0ms)
			AwakeInstancesAfterBackupRestoration (9ms)
Platform modules already initialized, skipping
========================================================================
Worker process is ready to serve import requests
Launched and connected shader compiler UnityShaderCompiler.exe after 0.06 seconds
Refreshing native plugins compatible for Editor in 2.01 ms, found 2 plugins.
Preloading 0 native plugins for Editor in 0.00 ms.
Unloading 4976 Unused Serialized files (Serialized files now loaded: 0)
Unloading 47 unused Assets / (0.8 MB). Loaded Objects now: 5459.
Memory consumption went from 233.5 MB to 232.7 MB.
Total: 5.341000 ms (FindLiveObjects: 0.825800 ms CreateObjectMapping: 0.845900 ms MarkObjects: 3.218500 ms  DeleteObjects: 0.448100 ms)

AssetImportParameters requested are different than current active one (requested -> active):
  custom:video-decoder-ogg-theora: a1e56fd34408186e4bbccfd4996cb3dc -> 
  custom:container-muxer-webm: aa71ff27fc2769a1b78a27578f13a17b -> 
  custom:container-demuxer-webm: 4f35f7cbe854078d1ac9338744f61a02 -> 
  custom:video-encoder-webm-vp8: eb34c28f22e8b96e1ab97ce403110664 -> 
  custom:audio-encoder-webm-vorbis: bf7c407c2cedff20999df2af8eb42d56 -> 
  custom:framework-win-MediaFoundation: 216162199b28c13a410421893ffa2e32 -> 
  custom:container-demuxer-ogg: 62fdf1f143b41e24485cea50d1cbac27 -> 
  custom:video-decoder-webm-vp8: 9c59270c3fd7afecdb556c50c9e8de78 -> 
  custom:audio-decoder-ogg-vorbis: bf7c407c2cedff20999df2af8eb42d56 -> 
========================================================================
Received Import Request.
  Time since last request: 258280.372003 seconds.
  path: Assets/TileMap/Farm/Season2FarmTiles_22.asset
  artifactKey: Guid(69c6cbb3d7ca0394696b1ca6ed0b0e07) Importer(815301076,1909f56bfc062723c751e8b465ee728b)
Start importing Assets/TileMap/Farm/Season2FarmTiles_22.asset using Guid(69c6cbb3d7ca0394696b1ca6ed0b0e07) Importer(815301076,1909f56bfc062723c751e8b465ee728b)  -> (artifact id: '86300204fe0769f78b5d8dc94f5f6926') in 0.120539 seconds 
========================================================================
Received Import Request.
  Time since last request: 0.000028 seconds.
  path: Assets/TileMap/Farm/Season2FarmTiles_3.asset
  artifactKey: Guid(fa2975f4f48abc0488160321caaa39de) Importer(815301076,1909f56bfc062723c751e8b465ee728b)
Start importing Assets/TileMap/Farm/Season2FarmTiles_3.asset using Guid(fa2975f4f48abc0488160321caaa39de) Importer(815301076,1909f56bfc062723c751e8b465ee728b)  -> (artifact id: '261ad0e68e8cd938677073ebecb601c9') in 0.028210 seconds 
========================================================================
Received Import Request.
  Time since last request: 0.000036 seconds.
  path: Assets/TileMap/Farm/Season2FarmTiles_9.asset
  artifactKey: Guid(a2ad75eb34fb15d46a195c538869dac3) Importer(815301076,1909f56bfc062723c751e8b465ee728b)
Start importing Assets/TileMap/Farm/Season2FarmTiles_9.asset using Guid(a2ad75eb34fb15d46a195c538869dac3) Importer(815301076,1909f56bfc062723c751e8b465ee728b)  -> (artifact id: '44ff755310a950768e8ac2496e8cf128') in 0.029282 seconds 
========================================================================
Received Import Request.
  Time since last request: 0.000021 seconds.
  path: Assets/TileMap/Farm/Season2FarmTiles_15.asset
  artifactKey: Guid(68b47eb8a74eb2248be75e4121dcc8fd) Importer(815301076,1909f56bfc062723c751e8b465ee728b)
Start importing Assets/TileMap/Farm/Season2FarmTiles_15.asset using Guid(68b47eb8a74eb2248be75e4121dcc8fd) Importer(815301076,1909f56bfc062723c751e8b465ee728b)  -> (artifact id: '3e807f14f134a21289d16ddd1cd2f0bc') in 0.068529 seconds 
========================================================================
Received Import Request.
  Time since last request: 0.000064 seconds.
  path: Assets/TileMap/Farm/Season2FarmTiles_12.asset
  artifactKey: Guid(1f003bda7a3dadc408df3e655123a3dc) Importer(815301076,1909f56bfc062723c751e8b465ee728b)
Start importing Assets/TileMap/Farm/Season2FarmTiles_12.asset using Guid(1f003bda7a3dadc408df3e655123a3dc) Importer(815301076,1909f56bfc062723c751e8b465ee728b)  -> (artifact id: '02c5f57f869e057232a03a7429202762') in 0.047099 seconds 
========================================================================
Received Import Request.
  Time since last request: 0.000024 seconds.
  path: Assets/TileMap/Farm/Season2FarmTiles_24.asset
  artifactKey: Guid(d459bfaca6e341242859f9fd8036f731) Importer(815301076,1909f56bfc062723c751e8b465ee728b)
Start importing Assets/TileMap/Farm/Season2FarmTiles_24.asset using Guid(d459bfaca6e341242859f9fd8036f731) Importer(815301076,1909f56bfc062723c751e8b465ee728b)  -> (artifact id: 'f9b0b1644e9b5390ad14c558ecdbac08') in 0.071789 seconds 
========================================================================
Received Import Request.
  Time since last request: 0.000039 seconds.
  path: Assets/TileMap/Farm/Season2FarmTiles_7.asset
  artifactKey: Guid(5e28ecb78a2d2bd4da82198ec044d7f2) Importer(815301076,1909f56bfc062723c751e8b465ee728b)
Start importing Assets/TileMap/Farm/Season2FarmTiles_7.asset using Guid(5e28ecb78a2d2bd4da82198ec044d7f2) Importer(815301076,1909f56bfc062723c751e8b465ee728b)  -> (artifact id: '0a37dcd22a4677b30e5a104076903dbd') in 0.065379 seconds 
========================================================================
Received Import Request.
  Time since last request: 0.000039 seconds.
  path: Assets/TileMap/Farm/grass_tiles_all_seasons_24.asset
  artifactKey: Guid(cfa63014b9fbadd4283f477bc9be9fcd) Importer(815301076,1909f56bfc062723c751e8b465ee728b)
Start importing Assets/TileMap/Farm/grass_tiles_all_seasons_24.asset using Guid(cfa63014b9fbadd4283f477bc9be9fcd) Importer(815301076,1909f56bfc062723c751e8b465ee728b)  -> (artifact id: '66cda341bc715f07d05b4b06d48b7349') in 0.034213 seconds 
========================================================================
Received Import Request.
  Time since last request: 0.000031 seconds.
  path: Assets/TileMap/Farm/Season2FarmTiles_30.asset
  artifactKey: Guid(ea99a61e3e77dbb4989279fbc660c772) Importer(815301076,1909f56bfc062723c751e8b465ee728b)
Start importing Assets/TileMap/Farm/Season2FarmTiles_30.asset using Guid(ea99a61e3e77dbb4989279fbc660c772) Importer(815301076,1909f56bfc062723c751e8b465ee728b)  -> (artifact id: '344f363cbaa7eb6d811aefd311c65d48') in 0.050965 seconds 
========================================================================
Received Import Request.
  Time since last request: 0.000037 seconds.
  path: Assets/TileMap/Farm/Season2FarmTiles_1.asset
  artifactKey: Guid(fcda7b80df5409c449bb2a7b1a20da0f) Importer(815301076,1909f56bfc062723c751e8b465ee728b)
Start importing Assets/TileMap/Farm/Season2FarmTiles_1.asset using Guid(fcda7b80df5409c449bb2a7b1a20da0f) Importer(815301076,1909f56bfc062723c751e8b465ee728b)  -> (artifact id: 'f9d988e2f5d42988a47f7dce982a65e6') in 0.051842 seconds 
========================================================================
Received Import Request.
  Time since last request: 0.000040 seconds.
  path: Assets/TileMap/Farm/Season2FarmTiles_27.asset
  artifactKey: Guid(320eae3e6f2d0434bb0c02b71fe60c1e) Importer(815301076,1909f56bfc062723c751e8b465ee728b)
Start importing Assets/TileMap/Farm/Season2FarmTiles_27.asset using Guid(320eae3e6f2d0434bb0c02b71fe60c1e) Importer(815301076,1909f56bfc062723c751e8b465ee728b)  -> (artifact id: '7512ca4e2ebb7f27076a27f37c5af824') in 0.076469 seconds 
========================================================================
Received Import Request.
  Time since last request: 0.000042 seconds.
  path: Assets/TileMap/Farm/Season2FarmTiles_10.asset
  artifactKey: Guid(0d903a42daed8c94ca10e95c19575b61) Importer(815301076,1909f56bfc062723c751e8b465ee728b)
Start importing Assets/TileMap/Farm/Season2FarmTiles_10.asset using Guid(0d903a42daed8c94ca10e95c19575b61) Importer(815301076,1909f56bfc062723c751e8b465ee728b)  -> (artifact id: 'f813816b25a61c0b43a81025507cc034') in 0.025286 seconds 
========================================================================
Received Import Request.
  Time since last request: 0.000044 seconds.
  path: Assets/TileMap/Farm/Season2FarmTiles_21.asset
  artifactKey: Guid(38168b14809484248845f289488fd080) Importer(815301076,1909f56bfc062723c751e8b465ee728b)
Start importing Assets/TileMap/Farm/Season2FarmTiles_21.asset using Guid(38168b14809484248845f289488fd080) Importer(815301076,1909f56bfc062723c751e8b465ee728b)  -> (artifact id: 'ad736af21ca1c78328a1f4b8ed8f2324') in 0.027630 seconds 
========================================================================
Received Import Request.
  Time since last request: 0.000064 seconds.
  path: Assets/TileMap/Farm/grass_tiles_all_seasons_23.asset
  artifactKey: Guid(ca996e0ee44aebc4a8fe1234c4f1e5a1) Importer(815301076,1909f56bfc062723c751e8b465ee728b)
Start importing Assets/TileMap/Farm/grass_tiles_all_seasons_23.asset using Guid(ca996e0ee44aebc4a8fe1234c4f1e5a1) Importer(815301076,1909f56bfc062723c751e8b465ee728b)  -> (artifact id: '5ed78abbec7d6a5c4de57513716d0f06') in 0.040963 seconds 
========================================================================
Received Import Request.
  Time since last request: 0.000036 seconds.
  path: Assets/TileMap/Farm/Season2FarmTiles_6.asset
  artifactKey: Guid(74af3dfb802c49847a58bab1b5b1ea0d) Importer(815301076,1909f56bfc062723c751e8b465ee728b)
Start importing Assets/TileMap/Farm/Season2FarmTiles_6.asset using Guid(74af3dfb802c49847a58bab1b5b1ea0d) Importer(815301076,1909f56bfc062723c751e8b465ee728b)  -> (artifact id: '8c071e681e27ae45d96cf8d2daef5beb') in 0.099023 seconds 
========================================================================
Received Prepare
Registering precompiled user dll's ...
Registered in 0.021495 seconds.
Begin MonoManager ReloadAssembly
Symbol file LoadedFromMemory doesn't match image D:\Unity\Projects\basicallyIsaacGame\Library\PackageCache\com.unity.visualscripting@1.7.8\Editor\VisualScripting.Core\Dependencies\YamlDotNet\Unity.VisualScripting.YamlDotNet.dll
Symbol file LoadedFromMemory doesn't match image D:\Unity\Projects\basicallyIsaacGame\Library\PackageCache\com.unity.visualscripting@1.7.8\Editor\VisualScripting.Core\Dependencies\DotNetZip\Unity.VisualScripting.IonicZip.dll
Native extension for WindowsStandalone target not found
Native extension for WebGL target not found
Refreshing native plugins compatible for Editor in 4.86 ms, found 2 plugins.
Preloading 0 native plugins for Editor in 0.00 ms.
Mono: successfully reloaded assembly
- Completed reload, in  2.079 seconds
Domain Reload Profiling:
	ReloadAssembly (2080ms)
		BeginReloadAssembly (215ms)
			ExecutionOrderSort (0ms)
			DisableScriptedObjects (8ms)
			BackupInstance (0ms)
			ReleaseScriptingObjects (0ms)
			CreateAndSetChildDomain (38ms)
		EndReloadAssembly (1701ms)
			LoadAssemblies (184ms)
			RebuildTransferFunctionScriptingTraits (0ms)
			SetupTypeCache (412ms)
			ReleaseScriptCaches (2ms)
			RebuildScriptCaches (92ms)
			SetupLoadedEditorAssemblies (925ms)
				LogAssemblyErrors (0ms)
				InitializePlatformSupportModulesInManaged (27ms)
				SetLoadedEditorAssemblies (1ms)
				RefreshPlugins (5ms)
				BeforeProcessingInitializeOnLoad (180ms)
				ProcessInitializeOnLoadAttributes (478ms)
				ProcessInitializeOnLoadMethodAttributes (198ms)
				AfterProcessingInitializeOnLoad (35ms)
				EditorAssembliesLoaded (0ms)
			ExecutionOrderSort2 (0ms)
			AwakeInstancesAfterBackupRestoration (17ms)
Platform modules already initialized, skipping
Refreshing native plugins compatible for Editor in 5.17 ms, found 2 plugins.
Preloading 0 native plugins for Editor in 0.00 ms.
Unloading 4830 Unused Serialized files (Serialized files now loaded: 0)
Unloading 24 unused Assets / (0.8 MB). Loaded Objects now: 5475.
Memory consumption went from 227.6 MB to 226.8 MB.
Total: 5.181600 ms (FindLiveObjects: 0.645300 ms CreateObjectMapping: 0.720700 ms MarkObjects: 3.326300 ms  DeleteObjects: 0.487300 ms)

AssetImportParameters requested are different than current active one (requested -> active):
  custom:video-decoder-ogg-theora: a1e56fd34408186e4bbccfd4996cb3dc -> 
  custom:container-muxer-webm: aa71ff27fc2769a1b78a27578f13a17b -> 
  custom:container-demuxer-webm: 4f35f7cbe854078d1ac9338744f61a02 -> 
  custom:video-encoder-webm-vp8: eb34c28f22e8b96e1ab97ce403110664 -> 
  custom:audio-encoder-webm-vorbis: bf7c407c2cedff20999df2af8eb42d56 -> 
  custom:framework-win-MediaFoundation: 216162199b28c13a410421893ffa2e32 -> 
  custom:container-demuxer-ogg: 62fdf1f143b41e24485cea50d1cbac27 -> 
  custom:video-decoder-webm-vp8: 9c59270c3fd7afecdb556c50c9e8de78 -> 
  custom:audio-decoder-ogg-vorbis: bf7c407c2cedff20999df2af8eb42d56 -> 
Editor requested this worker to shutdown with reason: Scaling down because of idle timeout
AssetImportWorker is now disconnected from the server
Process exiting
Exiting without the bug reporter. Application will terminate with return code 0