Using pre-set license
Built from '2021.3/staging' branch; Version is '2021.3.5f1 (40eb3a945986) revision 4254522'; Using compiler version '192829333'; Build Type 'Release'
OS: 'Windows 10  (10.0.19045) 64bit Core' Language: 'en' Physical Memory: 16316 MB
BatchMode: 1, IsHumanControllingUs: 0, StartBugReporterOnCrash: 0, Is64bit: 1, IsPro: 1

COMMAND LINE ARGUMENTS:
D:\Irish\Documents\UnityEditor\2021.3.5f1\Editor\Unity.exe
-adb2
-batchMode
-noUpm
-name
AssetImportWorker1
-projectPath
D:/Unity/Projects/basicallyIsaacGame
-logFile
Logs/AssetImportWorker1.log
-srvPort
58651
Successfully changed project path to: D:/Unity/Projects/basicallyIsaacGame
D:/Unity/Projects/basicallyIsaacGame
[UnityMemory] Configuration Parameters - Can be set up in boot.config
    "memorysetup-bucket-allocator-granularity=16"
    "memorysetup-bucket-allocator-bucket-count=8"
    "memorysetup-bucket-allocator-block-size=33554432"
    "memorysetup-bucket-allocator-block-count=8"
    "memorysetup-main-allocator-block-size=16777216"
    "memorysetup-thread-allocator-block-size=16777216"
    "memorysetup-gfx-main-allocator-block-size=16777216"
    "memorysetup-gfx-thread-allocator-block-size=16777216"
    "memorysetup-cache-allocator-block-size=4194304"
    "memorysetup-typetree-allocator-block-size=2097152"
    "memorysetup-profiler-bucket-allocator-granularity=16"
    "memorysetup-profiler-bucket-allocator-bucket-count=8"
    "memorysetup-profiler-bucket-allocator-block-size=33554432"
    "memorysetup-profiler-bucket-allocator-block-count=8"
    "memorysetup-profiler-allocator-block-size=16777216"
    "memorysetup-profiler-editor-allocator-block-size=1048576"
    "memorysetup-temp-allocator-size-main=16777216"
    "memorysetup-job-temp-allocator-block-size=2097152"
    "memorysetup-job-temp-allocator-block-size-background=1048576"
    "memorysetup-job-temp-allocator-reduction-small-platforms=262144"
    "memorysetup-temp-allocator-size-background-worker=32768"
    "memorysetup-temp-allocator-size-job-worker=262144"
    "memorysetup-temp-allocator-size-preload-manager=33554432"
    "memorysetup-temp-allocator-size-nav-mesh-worker=65536"
    "memorysetup-temp-allocator-size-audio-worker=65536"
    "memorysetup-temp-allocator-size-cloud-worker=32768"
    "memorysetup-temp-allocator-size-gi-baking-worker=262144"
    "memorysetup-temp-allocator-size-gfx=262144"
Refreshing native plugins compatible for Editor in 194.55 ms, found 2 plugins.
Preloading 0 native plugins for Editor in 0.00 ms.
Initialize engine version: 2021.3.5f1 (40eb3a945986)
[Subsystems] Discovering subsystems at path D:/Irish/Documents/UnityEditor/2021.3.5f1/Editor/Data/Resources/UnitySubsystems
[Subsystems] Discovering subsystems at path D:/Unity/Projects/basicallyIsaacGame/Assets
GfxDevice: creating device client; threaded=0; jobified=0
Direct3D:
    Version:  Direct3D 11.0 [level 11.1]
    Renderer: NVIDIA GeForce GTX 1660 SUPER (ID=0x21c4)
    Vendor:   NVIDIA
    VRAM:     5981 MB
    Driver:   31.0.15.4633
Initialize mono
Mono path[0] = 'D:/Irish/Documents/UnityEditor/2021.3.5f1/Editor/Data/Managed'
Mono path[1] = 'D:/Irish/Documents/UnityEditor/2021.3.5f1/Editor/Data/MonoBleedingEdge/lib/mono/unityjit-win32'
Mono config path = 'D:/Irish/Documents/UnityEditor/2021.3.5f1/Editor/Data/MonoBleedingEdge/etc'
Using monoOptions --debugger-agent=transport=dt_socket,embedding=1,server=y,suspend=n,address=127.0.0.1:56452
Begin MonoManager ReloadAssembly
Registering precompiled unity dll's ...
Register platform support module: D:/Irish/Documents/UnityEditor/2021.3.5f1/Editor/Data/PlaybackEngines/WebGLSupport/UnityEditor.WebGL.Extensions.dll
Register platform support module: D:/Irish/Documents/UnityEditor/2021.3.5f1/Editor/Data/PlaybackEngines/WindowsStandaloneSupport/UnityEditor.WindowsStandalone.Extensions.dll
Registered in 0.021245 seconds.
Native extension for WindowsStandalone target not found
Native extension for WebGL target not found
Refreshing native plugins compatible for Editor in 175.04 ms, found 2 plugins.
Preloading 0 native plugins for Editor in 0.00 ms.
Mono: successfully reloaded assembly
- Completed reload, in  0.858 seconds
Domain Reload Profiling:
	ReloadAssembly (865ms)
		BeginReloadAssembly (111ms)
			ExecutionOrderSort (0ms)
			DisableScriptedObjects (0ms)
			BackupInstance (0ms)
			ReleaseScriptingObjects (0ms)
			CreateAndSetChildDomain (1ms)
		EndReloadAssembly (610ms)
			LoadAssemblies (104ms)
			RebuildTransferFunctionScriptingTraits (0ms)
			SetupTypeCache (109ms)
			ReleaseScriptCaches (0ms)
			RebuildScriptCaches (28ms)
			SetupLoadedEditorAssemblies (399ms)
				LogAssemblyErrors (0ms)
				InitializePlatformSupportModulesInManaged (15ms)
				SetLoadedEditorAssemblies (0ms)
				RefreshPlugins (176ms)
				BeforeProcessingInitializeOnLoad (1ms)
				ProcessInitializeOnLoadAttributes (149ms)
				ProcessInitializeOnLoadMethodAttributes (58ms)
				AfterProcessingInitializeOnLoad (0ms)
				EditorAssembliesLoaded (0ms)
			ExecutionOrderSort2 (0ms)
			AwakeInstancesAfterBackupRestoration (0ms)
Platform modules already initialized, skipping
Registering precompiled user dll's ...
Registered in 0.016283 seconds.
Begin MonoManager ReloadAssembly
Symbol file LoadedFromMemory doesn't match image D:\Unity\Projects\basicallyIsaacGame\Library\PackageCache\com.unity.visualscripting@1.7.8\Editor\VisualScripting.Core\Dependencies\YamlDotNet\Unity.VisualScripting.YamlDotNet.dll
Symbol file LoadedFromMemory doesn't match image D:\Unity\Projects\basicallyIsaacGame\Library\PackageCache\com.unity.visualscripting@1.7.8\Editor\VisualScripting.Core\Dependencies\DotNetZip\Unity.VisualScripting.IonicZip.dll
Native extension for WindowsStandalone target not found
Native extension for WebGL target not found
Refreshing native plugins compatible for Editor in 205.35 ms, found 2 plugins.
Preloading 0 native plugins for Editor in 0.00 ms.
Mono: successfully reloaded assembly
- Completed reload, in  1.814 seconds
Domain Reload Profiling:
	ReloadAssembly (1836ms)
		BeginReloadAssembly (183ms)
			ExecutionOrderSort (0ms)
			DisableScriptedObjects (9ms)
			BackupInstance (0ms)
			ReleaseScriptingObjects (0ms)
			CreateAndSetChildDomain (21ms)
		EndReloadAssembly (1494ms)
			LoadAssemblies (174ms)
			RebuildTransferFunctionScriptingTraits (0ms)
			SetupTypeCache (261ms)
			ReleaseScriptCaches (1ms)
			RebuildScriptCaches (84ms)
			SetupLoadedEditorAssemblies (921ms)
				LogAssemblyErrors (0ms)
				InitializePlatformSupportModulesInManaged (22ms)
				SetLoadedEditorAssemblies (0ms)
				RefreshPlugins (206ms)
				BeforeProcessingInitializeOnLoad (169ms)
				ProcessInitializeOnLoadAttributes (391ms)
				ProcessInitializeOnLoadMethodAttributes (108ms)
				AfterProcessingInitializeOnLoad (25ms)
				EditorAssembliesLoaded (0ms)
			ExecutionOrderSort2 (0ms)
			AwakeInstancesAfterBackupRestoration (10ms)
Platform modules already initialized, skipping
========================================================================
Worker process is ready to serve import requests
Launched and connected shader compiler UnityShaderCompiler.exe after 0.08 seconds
Refreshing native plugins compatible for Editor in 3.20 ms, found 2 plugins.
Preloading 0 native plugins for Editor in 0.00 ms.
Unloading 4976 Unused Serialized files (Serialized files now loaded: 0)
Unloading 47 unused Assets / (0.8 MB). Loaded Objects now: 5459.
Memory consumption went from 233.5 MB to 232.7 MB.
Total: 4.398500 ms (FindLiveObjects: 0.518200 ms CreateObjectMapping: 0.638000 ms MarkObjects: 2.834200 ms  DeleteObjects: 0.405400 ms)

AssetImportParameters requested are different than current active one (requested -> active):
  custom:video-decoder-ogg-theora: a1e56fd34408186e4bbccfd4996cb3dc -> 
  custom:container-muxer-webm: aa71ff27fc2769a1b78a27578f13a17b -> 
  custom:container-demuxer-webm: 4f35f7cbe854078d1ac9338744f61a02 -> 
  custom:video-encoder-webm-vp8: eb34c28f22e8b96e1ab97ce403110664 -> 
  custom:audio-encoder-webm-vorbis: bf7c407c2cedff20999df2af8eb42d56 -> 
  custom:framework-win-MediaFoundation: 216162199b28c13a410421893ffa2e32 -> 
  custom:container-demuxer-ogg: 62fdf1f143b41e24485cea50d1cbac27 -> 
  custom:video-decoder-webm-vp8: 9c59270c3fd7afecdb556c50c9e8de78 -> 
  custom:audio-decoder-ogg-vorbis: bf7c407c2cedff20999df2af8eb42d56 -> 
========================================================================
Received Import Request.
  Time since last request: 258280.455041 seconds.
  path: Assets/TileMap/Farm/Season2FarmTiles_2.asset
  artifactKey: Guid(8aad26e32ae0e9d4987f488b63e1590a) Importer(815301076,1909f56bfc062723c751e8b465ee728b)
Start importing Assets/TileMap/Farm/Season2FarmTiles_2.asset using Guid(8aad26e32ae0e9d4987f488b63e1590a) Importer(815301076,1909f56bfc062723c751e8b465ee728b)  -> (artifact id: 'c105e82e394f999afd326bf5896766b9') in 0.106264 seconds 
========================================================================
Received Import Request.
  Time since last request: 0.000028 seconds.
  path: Assets/TileMap/Farm/Season2FarmTiles_0.asset
  artifactKey: Guid(05f8588bfcaedbf499dbcaecb406684b) Importer(815301076,1909f56bfc062723c751e8b465ee728b)
Start importing Assets/TileMap/Farm/Season2FarmTiles_0.asset using Guid(05f8588bfcaedbf499dbcaecb406684b) Importer(815301076,1909f56bfc062723c751e8b465ee728b)  -> (artifact id: 'db6950f5dd8bbc3ff8c2f36e2a8d2790') in 0.048256 seconds 
========================================================================
Received Import Request.
  Time since last request: 0.000032 seconds.
  path: Assets/TileMap/Farm/Season2FarmTiles_26.asset
  artifactKey: Guid(37311946650ec1d49baf2978bd2b6486) Importer(815301076,1909f56bfc062723c751e8b465ee728b)
Start importing Assets/TileMap/Farm/Season2FarmTiles_26.asset using Guid(37311946650ec1d49baf2978bd2b6486) Importer(815301076,1909f56bfc062723c751e8b465ee728b)  -> (artifact id: '67a47e3767d4c59f293ebc0244a2a948') in 0.028278 seconds 
========================================================================
Received Import Request.
  Time since last request: 0.000021 seconds.
  path: Assets/TileMap/Farm/Season2FarmTiles_29.asset
  artifactKey: Guid(6c7e2c99037f7aa4ebf195676a4b8466) Importer(815301076,1909f56bfc062723c751e8b465ee728b)
Start importing Assets/TileMap/Farm/Season2FarmTiles_29.asset using Guid(6c7e2c99037f7aa4ebf195676a4b8466) Importer(815301076,1909f56bfc062723c751e8b465ee728b)  -> (artifact id: '00b72319027c286ead5633ebff312c5b') in 0.064632 seconds 
========================================================================
Received Import Request.
  Time since last request: 0.000026 seconds.
  path: Assets/TileMap/Farm/Season2FarmTiles_23.asset
  artifactKey: Guid(34e13ff03ca8b2a42b56678bf9e9d847) Importer(815301076,1909f56bfc062723c751e8b465ee728b)
Start importing Assets/TileMap/Farm/Season2FarmTiles_23.asset using Guid(34e13ff03ca8b2a42b56678bf9e9d847) Importer(815301076,1909f56bfc062723c751e8b465ee728b)  -> (artifact id: '6206786e7471618341188f221a08442d') in 0.025228 seconds 
========================================================================
Received Import Request.
  Time since last request: 0.000029 seconds.
  path: Assets/TileMap/Farm/Season2FarmTiles_14.asset
  artifactKey: Guid(8ae760624006ef149ada439930d6d7b5) Importer(815301076,1909f56bfc062723c751e8b465ee728b)
Start importing Assets/TileMap/Farm/Season2FarmTiles_14.asset using Guid(8ae760624006ef149ada439930d6d7b5) Importer(815301076,1909f56bfc062723c751e8b465ee728b)  -> (artifact id: '53e83561407eb3e4e5b9cf90e9aa73ee') in 0.086072 seconds 
========================================================================
Received Import Request.
  Time since last request: 0.000040 seconds.
  path: Assets/TileMap/Farm/Season2FarmTiles_8.asset
  artifactKey: Guid(b8b65d4ed413bb74a8ceac31f5057523) Importer(815301076,1909f56bfc062723c751e8b465ee728b)
Start importing Assets/TileMap/Farm/Season2FarmTiles_8.asset using Guid(b8b65d4ed413bb74a8ceac31f5057523) Importer(815301076,1909f56bfc062723c751e8b465ee728b)  -> (artifact id: '33c9e7ab3c5ab1a0513b2aeece1c2e63') in 0.043685 seconds 
========================================================================
Received Import Request.
  Time since last request: 0.000057 seconds.
  path: Assets/TileMap/Farm/Season2FarmTiles_13.asset
  artifactKey: Guid(c996822331d498b41b0b12cb65d25a3b) Importer(815301076,1909f56bfc062723c751e8b465ee728b)
Start importing Assets/TileMap/Farm/Season2FarmTiles_13.asset using Guid(c996822331d498b41b0b12cb65d25a3b) Importer(815301076,1909f56bfc062723c751e8b465ee728b)  -> (artifact id: 'ac0d8dab5b4ece3d382e3500cfd6eb9f') in 0.045419 seconds 
========================================================================
Received Import Request.
  Time since last request: 0.000056 seconds.
  path: Assets/TileMap/Farm/Season2FarmTiles_25.asset
  artifactKey: Guid(fb50cf5c752b5db4f836ed9402f32799) Importer(815301076,1909f56bfc062723c751e8b465ee728b)
Start importing Assets/TileMap/Farm/Season2FarmTiles_25.asset using Guid(fb50cf5c752b5db4f836ed9402f32799) Importer(815301076,1909f56bfc062723c751e8b465ee728b)  -> (artifact id: '8e314d08c2dffacdd99e42ed6d993815') in 0.047034 seconds 
========================================================================
Received Import Request.
  Time since last request: 0.000035 seconds.
  path: Assets/TileMap/Farm/Season2FarmTiles_20.asset
  artifactKey: Guid(c9233e444cc77f242bf0526481b3dec6) Importer(815301076,1909f56bfc062723c751e8b465ee728b)
Start importing Assets/TileMap/Farm/Season2FarmTiles_20.asset using Guid(c9233e444cc77f242bf0526481b3dec6) Importer(815301076,1909f56bfc062723c751e8b465ee728b)  -> (artifact id: 'bc40feacb44ac36852691ecdecc07976') in 0.028576 seconds 
========================================================================
Received Import Request.
  Time since last request: 0.000035 seconds.
  path: Assets/TileMap/Farm/Season2FarmTiles_11.asset
  artifactKey: Guid(036db287953888049af7617a72670644) Importer(815301076,1909f56bfc062723c751e8b465ee728b)
Start importing Assets/TileMap/Farm/Season2FarmTiles_11.asset using Guid(036db287953888049af7617a72670644) Importer(815301076,1909f56bfc062723c751e8b465ee728b)  -> (artifact id: '630a5b502c4ba349dc095aee32d2462a') in 0.031424 seconds 
========================================================================
Received Import Request.
  Time since last request: 0.000045 seconds.
  path: Assets/TileMap/Farm/grass_tiles_all_seasons_26.asset
  artifactKey: Guid(8a20b7aed65f58a479f05d5e73e8aba2) Importer(815301076,1909f56bfc062723c751e8b465ee728b)
Start importing Assets/TileMap/Farm/grass_tiles_all_seasons_26.asset using Guid(8a20b7aed65f58a479f05d5e73e8aba2) Importer(815301076,1909f56bfc062723c751e8b465ee728b)  -> (artifact id: '4fa343d951d2fa4373f40ae8c2498207') in 0.058624 seconds 
========================================================================
Received Import Request.
  Time since last request: 0.000033 seconds.
  path: Assets/TileMap/Farm/grass_tiles_all_seasons_25.asset
  artifactKey: Guid(2a599bff704e0014d9f36a4424eacb60) Importer(815301076,1909f56bfc062723c751e8b465ee728b)
Start importing Assets/TileMap/Farm/grass_tiles_all_seasons_25.asset using Guid(2a599bff704e0014d9f36a4424eacb60) Importer(815301076,1909f56bfc062723c751e8b465ee728b)  -> (artifact id: 'b2d3eae74720a557623f3bf5fabaa98f') in 0.021866 seconds 
========================================================================
Received Import Request.
  Time since last request: 0.000020 seconds.
  path: Assets/TileMap/Farm/Season2FarmTiles_5.asset
  artifactKey: Guid(c4de63209b9bfc8499e982d6ddb0140f) Importer(815301076,1909f56bfc062723c751e8b465ee728b)
Start importing Assets/TileMap/Farm/Season2FarmTiles_5.asset using Guid(c4de63209b9bfc8499e982d6ddb0140f) Importer(815301076,1909f56bfc062723c751e8b465ee728b)  -> (artifact id: 'c3b6f7b5f1044eb1468cc10fd6de915e') in 0.051053 seconds 
========================================================================
Received Import Request.
  Time since last request: 0.000034 seconds.
  path: Assets/TileMap/Farm/Season2FarmTiles_28.asset
  artifactKey: Guid(6d9d7325b80736840b198e99daf2e70c) Importer(815301076,1909f56bfc062723c751e8b465ee728b)
Start importing Assets/TileMap/Farm/Season2FarmTiles_28.asset using Guid(6d9d7325b80736840b198e99daf2e70c) Importer(815301076,1909f56bfc062723c751e8b465ee728b)  -> (artifact id: 'c0784151ec6a1edff5874ed0815c0d7e') in 0.018965 seconds 
========================================================================
Received Prepare
Registering precompiled user dll's ...
Registered in 0.023797 seconds.
Begin MonoManager ReloadAssembly
Symbol file LoadedFromMemory doesn't match image D:\Unity\Projects\basicallyIsaacGame\Library\PackageCache\com.unity.visualscripting@1.7.8\Editor\VisualScripting.Core\Dependencies\YamlDotNet\Unity.VisualScripting.YamlDotNet.dll
Symbol file LoadedFromMemory doesn't match image D:\Unity\Projects\basicallyIsaacGame\Library\PackageCache\com.unity.visualscripting@1.7.8\Editor\VisualScripting.Core\Dependencies\DotNetZip\Unity.VisualScripting.IonicZip.dll
Native extension for WindowsStandalone target not found
Native extension for WebGL target not found
Refreshing native plugins compatible for Editor in 4.64 ms, found 2 plugins.
Preloading 0 native plugins for Editor in 0.00 ms.
Mono: successfully reloaded assembly
- Completed reload, in  2.066 seconds
Domain Reload Profiling:
	ReloadAssembly (2068ms)
		BeginReloadAssembly (234ms)
			ExecutionOrderSort (0ms)
			DisableScriptedObjects (8ms)
			BackupInstance (0ms)
			ReleaseScriptingObjects (0ms)
			CreateAndSetChildDomain (43ms)
		EndReloadAssembly (1679ms)
			LoadAssemblies (192ms)
			RebuildTransferFunctionScriptingTraits (0ms)
			SetupTypeCache (396ms)
			ReleaseScriptCaches (3ms)
			RebuildScriptCaches (86ms)
			SetupLoadedEditorAssemblies (866ms)
				LogAssemblyErrors (0ms)
				InitializePlatformSupportModulesInManaged (29ms)
				SetLoadedEditorAssemblies (1ms)
				RefreshPlugins (5ms)
				BeforeProcessingInitializeOnLoad (181ms)
				ProcessInitializeOnLoadAttributes (462ms)
				ProcessInitializeOnLoadMethodAttributes (146ms)
				AfterProcessingInitializeOnLoad (42ms)
				EditorAssembliesLoaded (1ms)
			ExecutionOrderSort2 (0ms)
			AwakeInstancesAfterBackupRestoration (44ms)
Platform modules already initialized, skipping
Refreshing native plugins compatible for Editor in 5.81 ms, found 2 plugins.
Preloading 0 native plugins for Editor in 0.00 ms.
Unloading 4830 Unused Serialized files (Serialized files now loaded: 0)
Unloading 24 unused Assets / (0.8 MB). Loaded Objects now: 5475.
Memory consumption went from 227.6 MB to 226.8 MB.
Total: 5.308500 ms (FindLiveObjects: 0.444500 ms CreateObjectMapping: 0.400800 ms MarkObjects: 3.600300 ms  DeleteObjects: 0.860700 ms)

AssetImportParameters requested are different than current active one (requested -> active):
  custom:video-decoder-ogg-theora: a1e56fd34408186e4bbccfd4996cb3dc -> 
  custom:container-muxer-webm: aa71ff27fc2769a1b78a27578f13a17b -> 
  custom:container-demuxer-webm: 4f35f7cbe854078d1ac9338744f61a02 -> 
  custom:video-encoder-webm-vp8: eb34c28f22e8b96e1ab97ce403110664 -> 
  custom:audio-encoder-webm-vorbis: bf7c407c2cedff20999df2af8eb42d56 -> 
  custom:framework-win-MediaFoundation: 216162199b28c13a410421893ffa2e32 -> 
  custom:container-demuxer-ogg: 62fdf1f143b41e24485cea50d1cbac27 -> 
  custom:video-decoder-webm-vp8: 9c59270c3fd7afecdb556c50c9e8de78 -> 
  custom:audio-decoder-ogg-vorbis: bf7c407c2cedff20999df2af8eb42d56 -> 
========================================================================
Received Prepare
Registering precompiled user dll's ...
Registered in 0.010588 seconds.
Begin MonoManager ReloadAssembly
Symbol file LoadedFromMemory doesn't match image D:\Unity\Projects\basicallyIsaacGame\Library\PackageCache\com.unity.visualscripting@1.7.8\Editor\VisualScripting.Core\Dependencies\YamlDotNet\Unity.VisualScripting.YamlDotNet.dll
Symbol file LoadedFromMemory doesn't match image D:\Unity\Projects\basicallyIsaacGame\Library\PackageCache\com.unity.visualscripting@1.7.8\Editor\VisualScripting.Core\Dependencies\DotNetZip\Unity.VisualScripting.IonicZip.dll
Native extension for WindowsStandalone target not found
Native extension for WebGL target not found
Refreshing native plugins compatible for Editor in 2.45 ms, found 2 plugins.
Preloading 0 native plugins for Editor in 0.00 ms.
Mono: successfully reloaded assembly
- Completed reload, in  1.513 seconds
Domain Reload Profiling:
	ReloadAssembly (1515ms)
		BeginReloadAssembly (173ms)
			ExecutionOrderSort (0ms)
			DisableScriptedObjects (7ms)
			BackupInstance (0ms)
			ReleaseScriptingObjects (0ms)
			CreateAndSetChildDomain (35ms)
		EndReloadAssembly (1212ms)
			LoadAssemblies (141ms)
			RebuildTransferFunctionScriptingTraits (0ms)
			SetupTypeCache (288ms)
			ReleaseScriptCaches (2ms)
			RebuildScriptCaches (63ms)
			SetupLoadedEditorAssemblies (641ms)
				LogAssemblyErrors (0ms)
				InitializePlatformSupportModulesInManaged (22ms)
				SetLoadedEditorAssemblies (0ms)
				RefreshPlugins (3ms)
				BeforeProcessingInitializeOnLoad (148ms)
				ProcessInitializeOnLoadAttributes (331ms)
				ProcessInitializeOnLoadMethodAttributes (107ms)
				AfterProcessingInitializeOnLoad (28ms)
				EditorAssembliesLoaded (0ms)
			ExecutionOrderSort2 (0ms)
			AwakeInstancesAfterBackupRestoration (15ms)
Platform modules already initialized, skipping
Refreshing native plugins compatible for Editor in 4.29 ms, found 2 plugins.
Preloading 0 native plugins for Editor in 0.00 ms.
Unloading 4830 Unused Serialized files (Serialized files now loaded: 0)
Unloading 24 unused Assets / (0.8 MB). Loaded Objects now: 5488.
Memory consumption went from 227.6 MB to 226.8 MB.
Total: 5.481400 ms (FindLiveObjects: 0.659600 ms CreateObjectMapping: 0.795600 ms MarkObjects: 3.419500 ms  DeleteObjects: 0.604000 ms)

AssetImportParameters requested are different than current active one (requested -> active):
  custom:video-decoder-ogg-theora: a1e56fd34408186e4bbccfd4996cb3dc -> 
  custom:container-muxer-webm: aa71ff27fc2769a1b78a27578f13a17b -> 
  custom:container-demuxer-webm: 4f35f7cbe854078d1ac9338744f61a02 -> 
  custom:video-encoder-webm-vp8: eb34c28f22e8b96e1ab97ce403110664 -> 
  custom:audio-encoder-webm-vorbis: bf7c407c2cedff20999df2af8eb42d56 -> 
  custom:framework-win-MediaFoundation: 216162199b28c13a410421893ffa2e32 -> 
  custom:container-demuxer-ogg: 62fdf1f143b41e24485cea50d1cbac27 -> 
  custom:video-decoder-webm-vp8: 9c59270c3fd7afecdb556c50c9e8de78 -> 
  custom:audio-decoder-ogg-vorbis: bf7c407c2cedff20999df2af8eb42d56 -> 
========================================================================
Received Prepare
Registering precompiled user dll's ...
Registered in 0.012503 seconds.
Begin MonoManager ReloadAssembly
Symbol file LoadedFromMemory doesn't match image D:\Unity\Projects\basicallyIsaacGame\Library\PackageCache\com.unity.visualscripting@1.7.8\Editor\VisualScripting.Core\Dependencies\YamlDotNet\Unity.VisualScripting.YamlDotNet.dll
Symbol file LoadedFromMemory doesn't match image D:\Unity\Projects\basicallyIsaacGame\Library\PackageCache\com.unity.visualscripting@1.7.8\Editor\VisualScripting.Core\Dependencies\DotNetZip\Unity.VisualScripting.IonicZip.dll
Native extension for WindowsStandalone target not found
Native extension for WebGL target not found
Refreshing native plugins compatible for Editor in 4.34 ms, found 2 plugins.
Preloading 0 native plugins for Editor in 0.00 ms.
Mono: successfully reloaded assembly
- Completed reload, in  1.547 seconds
Domain Reload Profiling:
	ReloadAssembly (1548ms)
		BeginReloadAssembly (183ms)
			ExecutionOrderSort (0ms)
			DisableScriptedObjects (7ms)
			BackupInstance (0ms)
			ReleaseScriptingObjects (0ms)
			CreateAndSetChildDomain (36ms)
		EndReloadAssembly (1244ms)
			LoadAssemblies (146ms)
			RebuildTransferFunctionScriptingTraits (0ms)
			SetupTypeCache (295ms)
			ReleaseScriptCaches (3ms)
			RebuildScriptCaches (71ms)
			SetupLoadedEditorAssemblies (655ms)
				LogAssemblyErrors (0ms)
				InitializePlatformSupportModulesInManaged (24ms)
				SetLoadedEditorAssemblies (1ms)
				RefreshPlugins (5ms)
				BeforeProcessingInitializeOnLoad (155ms)
				ProcessInitializeOnLoadAttributes (332ms)
				ProcessInitializeOnLoadMethodAttributes (109ms)
				AfterProcessingInitializeOnLoad (30ms)
				EditorAssembliesLoaded (0ms)
			ExecutionOrderSort2 (0ms)
			AwakeInstancesAfterBackupRestoration (15ms)
Platform modules already initialized, skipping
Refreshing native plugins compatible for Editor in 5.75 ms, found 2 plugins.
Preloading 0 native plugins for Editor in 0.00 ms.
Unloading 4830 Unused Serialized files (Serialized files now loaded: 0)
Unloading 24 unused Assets / (0.8 MB). Loaded Objects now: 5501.
Memory consumption went from 227.6 MB to 226.8 MB.
Total: 4.808300 ms (FindLiveObjects: 0.477300 ms CreateObjectMapping: 0.448800 ms MarkObjects: 3.405000 ms  DeleteObjects: 0.475700 ms)

AssetImportParameters requested are different than current active one (requested -> active):
  custom:video-decoder-ogg-theora: a1e56fd34408186e4bbccfd4996cb3dc -> 
  custom:container-muxer-webm: aa71ff27fc2769a1b78a27578f13a17b -> 
  custom:container-demuxer-webm: 4f35f7cbe854078d1ac9338744f61a02 -> 
  custom:video-encoder-webm-vp8: eb34c28f22e8b96e1ab97ce403110664 -> 
  custom:audio-encoder-webm-vorbis: bf7c407c2cedff20999df2af8eb42d56 -> 
  custom:framework-win-MediaFoundation: 216162199b28c13a410421893ffa2e32 -> 
  custom:container-demuxer-ogg: 62fdf1f143b41e24485cea50d1cbac27 -> 
  custom:video-decoder-webm-vp8: 9c59270c3fd7afecdb556c50c9e8de78 -> 
  custom:audio-decoder-ogg-vorbis: bf7c407c2cedff20999df2af8eb42d56 -> 
